<?xml version="1.0" encoding="UTF-8"?>
<!-- Generated by org.testng.reporters.JUnitXMLReporter -->
<testsuite ignored="0" hostname="LAPTOP-A7PLUC1H" failures="0" tests="3" name="Default test" time="0.062" errors="0" timestamp="2022-07-07T22:13:40 IST">
  <testcase classname="testngstudy.Newclasstestng" name="a" time="0.009"/>
  <testcase classname="testngstudy.Newclasstestng" name="b" time="0.001"/>
  <testcase classname="testngstudy.Newclasstestng" name="f" time="0.001"/>
</testsuite> <!-- Default test -->
